<?xml version="1.0" encoding="UTF-8"?>
<!-- Generated by org.testng.reporters.JUnitReportReporter -->
<testsuite hostname="QSP" failures="0" tests="1" name="com.Github.curdopertions.GetOperation" time="6.407" errors="0" timestamp="2022-04-01T19:50:25 IST" skipped="0">
  <testcase classname="com.Github.curdopertions.GetOperation" name="tc1" time="6.407"/>
  <system-out>
get operation is successful  </system-out>
</testsuite> <!-- com.Github.curdopertions.GetOperation -->
