<?xml version="1.0" encoding="UTF-8"?>
<!-- Generated by org.testng.reporters.JUnitReportReporter -->
<testsuite hostname="QSP" failures="0" tests="1" name="com.Github.curdopertions.PostOperation" time="5.342" errors="0" timestamp="2022-04-01T19:50:25 IST" skipped="0">
  <testcase classname="com.Github.curdopertions.PostOperation" name="tc2" time="5.342"/>
  <system-out>
post operation is successful patch operation is scuccessful delete operation is scuccessful  </system-out>
</testsuite> <!-- com.Github.curdopertions.PostOperation -->
